[INFO] [2018-12-04 17:29:37][org.springframework.test.context.TestContext]@ContextConfiguration not found for class [class com.eshop.app.test]
[INFO] [2018-12-04 17:29:37][org.springframework.test.context.TestContextManager]@TestExecutionListeners is not present for class [class com.eshop.app.test]: using defaults.
[INFO] [2018-12-04 17:29:38][org.springframework.test.context.TestContext]@ContextConfiguration not found for class [class com.eshop.app.test]
[INFO] [2018-12-04 17:29:38][org.springframework.test.context.TestContextManager]@TestExecutionListeners is not present for class [class com.eshop.app.test]: using defaults.
[ERROR] [2018-12-04 17:29:38][org.springframework.test.context.TestContextManager]Caught exception while allowing TestExecutionListener [org.springframework.test.context.support.DependencyInjectionTestExecutionListener@dd3b207] to prepare test instance [com.eshop.app.test@551bdc27]
java.lang.IllegalStateException: Failed to load ApplicationContext
	at org.springframework.test.context.TestContext.getApplicationContext(TestContext.java:157)
	at org.springframework.test.context.support.DependencyInjectionTestExecutionListener.injectDependencies(DependencyInjectionTestExecutionListener.java:109)
	at org.springframework.test.context.support.DependencyInjectionTestExecutionListener.prepareTestInstance(DependencyInjectionTestExecutionListener.java:75)
	at org.springframework.test.context.TestContextManager.prepareTestInstance(TestContextManager.java:321)
	at org.springframework.test.context.junit4.SpringJUnit4ClassRunner.createTest(SpringJUnit4ClassRunner.java:211)
	at org.springframework.test.context.junit4.SpringJUnit4ClassRunner$1.runReflectiveCall(SpringJUnit4ClassRunner.java:288)
	at org.junit.internal.runners.model.ReflectiveCallable.run(ReflectiveCallable.java:12)
	at org.springframework.test.context.junit4.SpringJUnit4ClassRunner.methodBlock(SpringJUnit4ClassRunner.java:290)
	at org.springframework.test.context.junit4.SpringJUnit4ClassRunner.runChild(SpringJUnit4ClassRunner.java:231)
	at org.junit.runners.BlockJUnit4ClassRunner.runChild(BlockJUnit4ClassRunner.java:57)
	at org.junit.runners.ParentRunner$3.run(ParentRunner.java:290)
	at org.junit.runners.ParentRunner$1.schedule(ParentRunner.java:71)
	at org.junit.runners.ParentRunner.runChildren(ParentRunner.java:288)
	at org.junit.runners.ParentRunner.access$000(ParentRunner.java:58)
	at org.junit.runners.ParentRunner$2.evaluate(ParentRunner.java:268)
	at org.springframework.test.context.junit4.statements.RunBeforeTestClassCallbacks.evaluate(RunBeforeTestClassCallbacks.java:61)
	at org.springframework.test.context.junit4.statements.RunAfterTestClassCallbacks.evaluate(RunAfterTestClassCallbacks.java:71)
	at org.junit.runners.ParentRunner.run(ParentRunner.java:363)
	at org.springframework.test.context.junit4.SpringJUnit4ClassRunner.run(SpringJUnit4ClassRunner.java:174)
	at org.junit.runner.JUnitCore.run(JUnitCore.java:137)
	at org.junit.runner.JUnitCore.run(JUnitCore.java:115)
	at org.junit.vintage.engine.execution.RunnerExecutor.execute(RunnerExecutor.java:39)
	at java.util.stream.ForEachOps$ForEachOp$OfRef.accept(Unknown Source)
	at java.util.stream.ReferencePipeline$3$1.accept(Unknown Source)
	at java.util.Iterator.forEachRemaining(Unknown Source)
	at java.util.Spliterators$IteratorSpliterator.forEachRemaining(Unknown Source)
	at java.util.stream.AbstractPipeline.copyInto(Unknown Source)
	at java.util.stream.AbstractPipeline.wrapAndCopyInto(Unknown Source)
	at java.util.stream.ForEachOps$ForEachOp.evaluateSequential(Unknown Source)
	at java.util.stream.ForEachOps$ForEachOp$OfRef.evaluateSequential(Unknown Source)
	at java.util.stream.AbstractPipeline.evaluate(Unknown Source)
	at java.util.stream.ReferencePipeline.forEach(Unknown Source)
	at org.junit.vintage.engine.VintageTestEngine.executeAllChildren(VintageTestEngine.java:79)
	at org.junit.vintage.engine.VintageTestEngine.execute(VintageTestEngine.java:70)
	at org.junit.platform.launcher.core.DefaultLauncher.execute(DefaultLauncher.java:170)
	at org.junit.platform.launcher.core.DefaultLauncher.execute(DefaultLauncher.java:154)
	at org.junit.platform.launcher.core.DefaultLauncher.execute(DefaultLauncher.java:90)
	at org.eclipse.jdt.internal.junit5.runner.JUnit5TestReference.run(JUnit5TestReference.java:86)
	at org.eclipse.jdt.internal.junit.runner.TestExecution.run(TestExecution.java:38)
	at org.eclipse.jdt.internal.junit.runner.RemoteTestRunner.runTests(RemoteTestRunner.java:538)
	at org.eclipse.jdt.internal.junit.runner.RemoteTestRunner.runTests(RemoteTestRunner.java:760)
	at org.eclipse.jdt.internal.junit.runner.RemoteTestRunner.run(RemoteTestRunner.java:460)
	at org.eclipse.jdt.internal.junit.runner.RemoteTestRunner.main(RemoteTestRunner.java:206)
Caused by: java.lang.IllegalArgumentException: Can not load an ApplicationContext with a NULL 'contextLoader'. Consider annotating your test class with @ContextConfiguration.
	at org.springframework.util.Assert.notNull(Assert.java:112)
	at org.springframework.test.context.TestContext.loadApplicationContext(TestContext.java:117)
	at org.springframework.test.context.TestContext.getApplicationContext(TestContext.java:148)
	... 42 more
[INFO] [2018-12-04 17:31:36][org.springframework.test.context.TestContextManager]@TestExecutionListeners is not present for class [class com.eshop.app.test]: using defaults.
[INFO] [2018-12-04 17:31:36][org.springframework.test.context.TestContextManager]@TestExecutionListeners is not present for class [class com.eshop.app.test]: using defaults.
[INFO] [2018-12-04 17:31:36][org.springframework.beans.factory.xml.XmlBeanDefinitionReader]Loading XML bean definitions from class path resource [applicationContext.xml]
[INFO] [2018-12-04 17:31:36][org.springframework.context.annotation.ClassPathBeanDefinitionScanner]JSR-250 'javax.annotation.ManagedBean' found and supported for component scanning
[INFO] [2018-12-04 17:31:36][org.springframework.context.support.GenericApplicationContext]Refreshing org.springframework.context.support.GenericApplicationContext@5af97850: startup date [Tue Dec 04 17:31:36 CST 2018]; root of context hierarchy
[INFO] [2018-12-04 17:31:36][org.springframework.context.support.PropertySourcesPlaceholderConfigurer]Loading properties file from class path resource [connection.properties]
[INFO] [2018-12-04 17:31:37][org.springframework.context.support.GenericApplicationContext]Bean 'org.apache.shiro.spring.security.interceptor.AuthorizationAttributeSourceAdvisor#0' of type [class org.apache.shiro.spring.security.interceptor.AuthorizationAttributeSourceAdvisor] is not eligible for getting processed by all BeanPostProcessors (for example: not eligible for auto-proxying)
[INFO] [2018-12-04 17:31:37][org.springframework.context.support.GenericApplicationContext]Bean 'org.springframework.beans.factory.config.MethodInvokingFactoryBean#0' of type [class org.springframework.beans.factory.config.MethodInvokingFactoryBean] is not eligible for getting processed by all BeanPostProcessors (for example: not eligible for auto-proxying)
[INFO] [2018-12-04 17:31:37][org.springframework.context.support.GenericApplicationContext]Bean 'dataSource' of type [class org.apache.commons.dbcp.BasicDataSource] is not eligible for getting processed by all BeanPostProcessors (for example: not eligible for auto-proxying)
[INFO] [2018-12-04 17:31:37][org.springframework.context.support.GenericApplicationContext]Bean 'sqlSessionFactory' of type [class org.mybatis.spring.SqlSessionFactoryBean] is not eligible for getting processed by all BeanPostProcessors (for example: not eligible for auto-proxying)
[INFO] [2018-12-04 17:31:37][org.springframework.context.support.GenericApplicationContext]Bean 'sqlSessionFactory' of type [class org.apache.ibatis.session.defaults.DefaultSqlSessionFactory] is not eligible for getting processed by all BeanPostProcessors (for example: not eligible for auto-proxying)
[INFO] [2018-12-04 17:31:37][org.springframework.context.support.GenericApplicationContext]Bean 'ishopAdminMapper' of type [class org.mybatis.spring.mapper.MapperFactoryBean] is not eligible for getting processed by all BeanPostProcessors (for example: not eligible for auto-proxying)
[INFO] [2018-12-04 17:31:37][org.springframework.context.support.GenericApplicationContext]Bean 'ishopDeptMapper' of type [class org.mybatis.spring.mapper.MapperFactoryBean] is not eligible for getting processed by all BeanPostProcessors (for example: not eligible for auto-proxying)
[INFO] [2018-12-04 17:31:37][org.springframework.context.support.GenericApplicationContext]Bean 'ishopMenuMapper' of type [class org.mybatis.spring.mapper.MapperFactoryBean] is not eligible for getting processed by all BeanPostProcessors (for example: not eligible for auto-proxying)
[INFO] [2018-12-04 17:31:37][org.springframework.context.support.GenericApplicationContext]Bean 'ishopPetMapper' of type [class org.mybatis.spring.mapper.MapperFactoryBean] is not eligible for getting processed by all BeanPostProcessors (for example: not eligible for auto-proxying)
[INFO] [2018-12-04 17:31:37][org.springframework.context.support.GenericApplicationContext]Bean 'ishopPetownerMapper' of type [class org.mybatis.spring.mapper.MapperFactoryBean] is not eligible for getting processed by all BeanPostProcessors (for example: not eligible for auto-proxying)
[INFO] [2018-12-04 17:31:37][org.springframework.context.support.GenericApplicationContext]Bean 'ishopPetstoreMapper' of type [class org.mybatis.spring.mapper.MapperFactoryBean] is not eligible for getting processed by all BeanPostProcessors (for example: not eligible for auto-proxying)
[INFO] [2018-12-04 17:31:37][org.springframework.context.support.GenericApplicationContext]Bean 'ishopRoleMapper' of type [class org.mybatis.spring.mapper.MapperFactoryBean] is not eligible for getting processed by all BeanPostProcessors (for example: not eligible for auto-proxying)
[INFO] [2018-12-04 17:31:37][org.springframework.context.support.GenericApplicationContext]Bean 'ishopAdminMapper' of type [class com.sun.proxy.$Proxy17] is not eligible for getting processed by all BeanPostProcessors (for example: not eligible for auto-proxying)
[INFO] [2018-12-04 17:31:37][org.springframework.context.support.GenericApplicationContext]Bean 'shopAdminBizImpl' of type [class com.eshop.biz.impl.shopAdminBizImpl] is not eligible for getting processed by all BeanPostProcessors (for example: not eligible for auto-proxying)
[INFO] [2018-12-04 17:31:37][org.springframework.context.support.GenericApplicationContext]Bean 'credentialsMatcher' of type [class org.apache.shiro.authc.credential.HashedCredentialsMatcher] is not eligible for getting processed by all BeanPostProcessors (for example: not eligible for auto-proxying)
[INFO] [2018-12-04 17:31:37][org.springframework.context.support.GenericApplicationContext]Bean 'myRealm' of type [class com.eshop.util.MyRealm] is not eligible for getting processed by all BeanPostProcessors (for example: not eligible for auto-proxying)
[INFO] [2018-12-04 17:31:37][org.springframework.context.support.GenericApplicationContext]Bean 'securityManager' of type [class org.apache.shiro.web.mgt.DefaultWebSecurityManager] is not eligible for getting processed by all BeanPostProcessors (for example: not eligible for auto-proxying)
[INFO] [2018-12-04 17:31:37][org.springframework.beans.factory.support.DefaultListableBeanFactory]Pre-instantiating singletons in org.springframework.beans.factory.support.DefaultListableBeanFactory@77f80c04: defining beans [org.springframework.context.annotation.internalConfigurationAnnotationProcessor,org.springframework.context.annotation.internalAutowiredAnnotationProcessor,org.springframework.context.annotation.internalRequiredAnnotationProcessor,org.springframework.context.annotation.internalCommonAnnotationProcessor,shopAdminBizImpl,shopMenuBizImpl,shopPetBizImpl,indexController,loginController,petController,resourceController,passwordHelper,org.springframework.web.servlet.mvc.method.annotation.RequestMappingHandlerMapping#0,org.springframework.format.support.FormattingConversionServiceFactoryBean#0,org.springframework.web.servlet.mvc.method.annotation.RequestMappingHandlerAdapter#0,org.springframework.web.servlet.handler.MappedInterceptor#0,org.springframework.web.servlet.mvc.method.annotation.ExceptionHandlerExceptionResolver#0,org.springframework.web.servlet.mvc.annotation.ResponseStatusExceptionResolver#0,org.springframework.web.servlet.mvc.support.DefaultHandlerExceptionResolver#0,org.springframework.web.servlet.handler.BeanNameUrlHandlerMapping,org.springframework.web.servlet.mvc.HttpRequestHandlerAdapter,org.springframework.web.servlet.mvc.SimpleControllerHandlerAdapter,org.springframework.web.servlet.resource.ResourceHttpRequestHandler#0,org.springframework.web.servlet.handler.SimpleUrlHandlerMapping#0,org.springframework.context.support.PropertySourcesPlaceholderConfigurer#0,dataSource,sqlSessionFactory,org.mybatis.spring.mapper.MapperScannerConfigurer#0,org.springframework.web.servlet.view.InternalResourceViewResolver#0,transactionManager,org.springframework.web.servlet.mvc.annotation.AnnotationMethodHandlerAdapter#0,credentialsMatcher,myRealm,securityManager,org.springframework.beans.factory.config.MethodInvokingFactoryBean#0,formAuthenticationFilter,logout,shiroFilter,lifecycleBeanPostProcessor,org.springframework.aop.framework.autoproxy.DefaultAdvisorAutoProxyCreator#0,org.apache.shiro.spring.security.interceptor.AuthorizationAttributeSourceAdvisor#0,org.springframework.context.annotation.ConfigurationClassPostProcessor.importAwareProcessor,ishopAdminMapper,ishopDeptMapper,ishopMenuMapper,ishopPetMapper,ishopPetownerMapper,ishopPetstoreMapper,ishopRoleMapper]; root of factory hierarchy
[INFO] [2018-12-04 17:31:37][org.springframework.web.servlet.mvc.method.annotation.RequestMappingHandlerMapping]Mapped "{[/index],methods=[GET],params=[],headers=[],consumes=[],produces=[],custom=[]}" onto public java.lang.String com.eshop.controller.indexController.index()
[INFO] [2018-12-04 17:31:37][org.springframework.web.servlet.mvc.method.annotation.RequestMappingHandlerMapping]Mapped "{[/login],methods=[],params=[],headers=[],consumes=[],produces=[],custom=[]}" onto public java.lang.String com.eshop.controller.loginController.login()
[INFO] [2018-12-04 17:31:37][org.springframework.web.servlet.mvc.method.annotation.RequestMappingHandlerMapping]Mapped "{[/pet/add],methods=[POST],params=[],headers=[],consumes=[],produces=[],custom=[]}" onto public java.lang.String com.eshop.controller.petController.add(com.eshop.model.shopPet,org.springframework.ui.Model)
[INFO] [2018-12-04 17:31:37][org.springframework.web.servlet.mvc.method.annotation.RequestMappingHandlerMapping]Mapped "{[/pet/add],methods=[GET],params=[],headers=[],consumes=[],produces=[],custom=[]}" onto public java.lang.String com.eshop.controller.petController.add()
[INFO] [2018-12-04 17:31:37][org.springframework.web.servlet.mvc.method.annotation.RequestMappingHandlerMapping]Mapped "{[/pet/{id}/del],methods=[GET],params=[],headers=[],consumes=[],produces=[],custom=[]}" onto public java.lang.String com.eshop.controller.petController.del(int)
[INFO] [2018-12-04 17:31:37][org.springframework.web.servlet.mvc.method.annotation.RequestMappingHandlerMapping]Mapped "{[/pet/list],methods=[GET],params=[],headers=[],consumes=[],produces=[],custom=[]}" onto public java.lang.String com.eshop.controller.petController.pager(org.springframework.ui.Model)
[INFO] [2018-12-04 17:31:37][org.springframework.web.servlet.mvc.method.annotation.RequestMappingHandlerMapping]Mapped "{[/resource/getMenus],methods=[GET],params=[],headers=[],consumes=[],produces=[],custom=[]}" onto public java.util.List<com.eshop.model.sysmenu> com.eshop.controller.resourceController.getMenus()
[INFO] [2018-12-04 17:31:38][org.springframework.web.servlet.handler.SimpleUrlHandlerMapping]Mapped URL path [/Public/**] onto handler 'org.springframework.web.servlet.resource.ResourceHttpRequestHandler#0'
[INFO] [2018-12-04 17:31:38][org.springframework.context.support.GenericApplicationContext]Closing org.springframework.context.support.GenericApplicationContext@5af97850: startup date [Tue Dec 04 17:31:36 CST 2018]; root of context hierarchy
[INFO] [2018-12-04 17:31:38][org.springframework.beans.factory.support.DefaultListableBeanFactory]Destroying singletons in org.springframework.beans.factory.support.DefaultListableBeanFactory@77f80c04: defining beans [org.springframework.context.annotation.internalConfigurationAnnotationProcessor,org.springframework.context.annotation.internalAutowiredAnnotationProcessor,org.springframework.context.annotation.internalRequiredAnnotationProcessor,org.springframework.context.annotation.internalCommonAnnotationProcessor,shopAdminBizImpl,shopMenuBizImpl,shopPetBizImpl,indexController,loginController,petController,resourceController,passwordHelper,org.springframework.web.servlet.mvc.method.annotation.RequestMappingHandlerMapping#0,org.springframework.format.support.FormattingConversionServiceFactoryBean#0,org.springframework.web.servlet.mvc.method.annotation.RequestMappingHandlerAdapter#0,org.springframework.web.servlet.handler.MappedInterceptor#0,org.springframework.web.servlet.mvc.method.annotation.ExceptionHandlerExceptionResolver#0,org.springframework.web.servlet.mvc.annotation.ResponseStatusExceptionResolver#0,org.springframework.web.servlet.mvc.support.DefaultHandlerExceptionResolver#0,org.springframework.web.servlet.handler.BeanNameUrlHandlerMapping,org.springframework.web.servlet.mvc.HttpRequestHandlerAdapter,org.springframework.web.servlet.mvc.SimpleControllerHandlerAdapter,org.springframework.web.servlet.resource.ResourceHttpRequestHandler#0,org.springframework.web.servlet.handler.SimpleUrlHandlerMapping#0,org.springframework.context.support.PropertySourcesPlaceholderConfigurer#0,dataSource,sqlSessionFactory,org.mybatis.spring.mapper.MapperScannerConfigurer#0,org.springframework.web.servlet.view.InternalResourceViewResolver#0,transactionManager,org.springframework.web.servlet.mvc.annotation.AnnotationMethodHandlerAdapter#0,credentialsMatcher,myRealm,securityManager,org.springframework.beans.factory.config.MethodInvokingFactoryBean#0,formAuthenticationFilter,logout,shiroFilter,lifecycleBeanPostProcessor,org.springframework.aop.framework.autoproxy.DefaultAdvisorAutoProxyCreator#0,org.apache.shiro.spring.security.interceptor.AuthorizationAttributeSourceAdvisor#0,org.springframework.context.annotation.ConfigurationClassPostProcessor.importAwareProcessor,ishopAdminMapper,ishopDeptMapper,ishopMenuMapper,ishopPetMapper,ishopPetownerMapper,ishopPetstoreMapper,ishopRoleMapper]; root of factory hierarchy
[INFO] [2018-12-04 17:34:14][org.springframework.test.context.TestContextManager]@TestExecutionListeners is not present for class [class com.eshop.app.test]: using defaults.
[INFO] [2018-12-04 17:34:14][org.springframework.test.context.TestContextManager]@TestExecutionListeners is not present for class [class com.eshop.app.test]: using defaults.
[INFO] [2018-12-04 17:34:14][org.springframework.beans.factory.xml.XmlBeanDefinitionReader]Loading XML bean definitions from class path resource [applicationContext.xml]
[INFO] [2018-12-04 17:34:14][org.springframework.context.annotation.ClassPathBeanDefinitionScanner]JSR-250 'javax.annotation.ManagedBean' found and supported for component scanning
[INFO] [2018-12-04 17:34:14][org.springframework.context.support.GenericApplicationContext]Refreshing org.springframework.context.support.GenericApplicationContext@5af97850: startup date [Tue Dec 04 17:34:14 CST 2018]; root of context hierarchy
[INFO] [2018-12-04 17:34:14][org.springframework.context.support.PropertySourcesPlaceholderConfigurer]Loading properties file from class path resource [connection.properties]
[INFO] [2018-12-04 17:34:15][org.springframework.context.support.GenericApplicationContext]Bean 'org.apache.shiro.spring.security.interceptor.AuthorizationAttributeSourceAdvisor#0' of type [class org.apache.shiro.spring.security.interceptor.AuthorizationAttributeSourceAdvisor] is not eligible for getting processed by all BeanPostProcessors (for example: not eligible for auto-proxying)
[INFO] [2018-12-04 17:34:15][org.springframework.context.support.GenericApplicationContext]Bean 'org.springframework.beans.factory.config.MethodInvokingFactoryBean#0' of type [class org.springframework.beans.factory.config.MethodInvokingFactoryBean] is not eligible for getting processed by all BeanPostProcessors (for example: not eligible for auto-proxying)
[INFO] [2018-12-04 17:34:15][org.springframework.context.support.GenericApplicationContext]Bean 'dataSource' of type [class org.apache.commons.dbcp.BasicDataSource] is not eligible for getting processed by all BeanPostProcessors (for example: not eligible for auto-proxying)
[INFO] [2018-12-04 17:34:15][org.springframework.context.support.GenericApplicationContext]Bean 'sqlSessionFactory' of type [class org.mybatis.spring.SqlSessionFactoryBean] is not eligible for getting processed by all BeanPostProcessors (for example: not eligible for auto-proxying)
[INFO] [2018-12-04 17:34:15][org.springframework.context.support.GenericApplicationContext]Bean 'sqlSessionFactory' of type [class org.apache.ibatis.session.defaults.DefaultSqlSessionFactory] is not eligible for getting processed by all BeanPostProcessors (for example: not eligible for auto-proxying)
[INFO] [2018-12-04 17:34:15][org.springframework.context.support.GenericApplicationContext]Bean 'ishopAdminMapper' of type [class org.mybatis.spring.mapper.MapperFactoryBean] is not eligible for getting processed by all BeanPostProcessors (for example: not eligible for auto-proxying)
[INFO] [2018-12-04 17:34:15][org.springframework.context.support.GenericApplicationContext]Bean 'ishopDeptMapper' of type [class org.mybatis.spring.mapper.MapperFactoryBean] is not eligible for getting processed by all BeanPostProcessors (for example: not eligible for auto-proxying)
[INFO] [2018-12-04 17:34:15][org.springframework.context.support.GenericApplicationContext]Bean 'ishopMenuMapper' of type [class org.mybatis.spring.mapper.MapperFactoryBean] is not eligible for getting processed by all BeanPostProcessors (for example: not eligible for auto-proxying)
[INFO] [2018-12-04 17:34:15][org.springframework.context.support.GenericApplicationContext]Bean 'ishopPetMapper' of type [class org.mybatis.spring.mapper.MapperFactoryBean] is not eligible for getting processed by all BeanPostProcessors (for example: not eligible for auto-proxying)
[INFO] [2018-12-04 17:34:15][org.springframework.context.support.GenericApplicationContext]Bean 'ishopPetownerMapper' of type [class org.mybatis.spring.mapper.MapperFactoryBean] is not eligible for getting processed by all BeanPostProcessors (for example: not eligible for auto-proxying)
[INFO] [2018-12-04 17:34:15][org.springframework.context.support.GenericApplicationContext]Bean 'ishopPetstoreMapper' of type [class org.mybatis.spring.mapper.MapperFactoryBean] is not eligible for getting processed by all BeanPostProcessors (for example: not eligible for auto-proxying)
[INFO] [2018-12-04 17:34:15][org.springframework.context.support.GenericApplicationContext]Bean 'ishopRoleMapper' of type [class org.mybatis.spring.mapper.MapperFactoryBean] is not eligible for getting processed by all BeanPostProcessors (for example: not eligible for auto-proxying)
[INFO] [2018-12-04 17:34:15][org.springframework.context.support.GenericApplicationContext]Bean 'ishopAdminMapper' of type [class com.sun.proxy.$Proxy17] is not eligible for getting processed by all BeanPostProcessors (for example: not eligible for auto-proxying)
[INFO] [2018-12-04 17:34:15][org.springframework.context.support.GenericApplicationContext]Bean 'shopAdminBizImpl' of type [class com.eshop.biz.impl.shopAdminBizImpl] is not eligible for getting processed by all BeanPostProcessors (for example: not eligible for auto-proxying)
[INFO] [2018-12-04 17:34:15][org.springframework.context.support.GenericApplicationContext]Bean 'credentialsMatcher' of type [class org.apache.shiro.authc.credential.HashedCredentialsMatcher] is not eligible for getting processed by all BeanPostProcessors (for example: not eligible for auto-proxying)
[INFO] [2018-12-04 17:34:15][org.springframework.context.support.GenericApplicationContext]Bean 'myRealm' of type [class com.eshop.util.MyRealm] is not eligible for getting processed by all BeanPostProcessors (for example: not eligible for auto-proxying)
[INFO] [2018-12-04 17:34:15][org.springframework.context.support.GenericApplicationContext]Bean 'securityManager' of type [class org.apache.shiro.web.mgt.DefaultWebSecurityManager] is not eligible for getting processed by all BeanPostProcessors (for example: not eligible for auto-proxying)
[INFO] [2018-12-04 17:34:15][org.springframework.beans.factory.support.DefaultListableBeanFactory]Pre-instantiating singletons in org.springframework.beans.factory.support.DefaultListableBeanFactory@77f80c04: defining beans [org.springframework.context.annotation.internalConfigurationAnnotationProcessor,org.springframework.context.annotation.internalAutowiredAnnotationProcessor,org.springframework.context.annotation.internalRequiredAnnotationProcessor,org.springframework.context.annotation.internalCommonAnnotationProcessor,shopAdminBizImpl,shopMenuBizImpl,shopPetBizImpl,indexController,loginController,petController,resourceController,passwordHelper,org.springframework.web.servlet.mvc.method.annotation.RequestMappingHandlerMapping#0,org.springframework.format.support.FormattingConversionServiceFactoryBean#0,org.springframework.web.servlet.mvc.method.annotation.RequestMappingHandlerAdapter#0,org.springframework.web.servlet.handler.MappedInterceptor#0,org.springframework.web.servlet.mvc.method.annotation.ExceptionHandlerExceptionResolver#0,org.springframework.web.servlet.mvc.annotation.ResponseStatusExceptionResolver#0,org.springframework.web.servlet.mvc.support.DefaultHandlerExceptionResolver#0,org.springframework.web.servlet.handler.BeanNameUrlHandlerMapping,org.springframework.web.servlet.mvc.HttpRequestHandlerAdapter,org.springframework.web.servlet.mvc.SimpleControllerHandlerAdapter,org.springframework.web.servlet.resource.ResourceHttpRequestHandler#0,org.springframework.web.servlet.handler.SimpleUrlHandlerMapping#0,org.springframework.context.support.PropertySourcesPlaceholderConfigurer#0,dataSource,sqlSessionFactory,org.mybatis.spring.mapper.MapperScannerConfigurer#0,org.springframework.web.servlet.view.InternalResourceViewResolver#0,transactionManager,org.springframework.web.servlet.mvc.annotation.AnnotationMethodHandlerAdapter#0,credentialsMatcher,myRealm,securityManager,org.springframework.beans.factory.config.MethodInvokingFactoryBean#0,formAuthenticationFilter,logout,shiroFilter,lifecycleBeanPostProcessor,org.springframework.aop.framework.autoproxy.DefaultAdvisorAutoProxyCreator#0,org.apache.shiro.spring.security.interceptor.AuthorizationAttributeSourceAdvisor#0,org.springframework.context.annotation.ConfigurationClassPostProcessor.importAwareProcessor,ishopAdminMapper,ishopDeptMapper,ishopMenuMapper,ishopPetMapper,ishopPetownerMapper,ishopPetstoreMapper,ishopRoleMapper]; root of factory hierarchy
[INFO] [2018-12-04 17:34:15][org.springframework.web.servlet.mvc.method.annotation.RequestMappingHandlerMapping]Mapped "{[/index],methods=[GET],params=[],headers=[],consumes=[],produces=[],custom=[]}" onto public java.lang.String com.eshop.controller.indexController.index()
[INFO] [2018-12-04 17:34:15][org.springframework.web.servlet.mvc.method.annotation.RequestMappingHandlerMapping]Mapped "{[/login],methods=[],params=[],headers=[],consumes=[],produces=[],custom=[]}" onto public java.lang.String com.eshop.controller.loginController.login()
[INFO] [2018-12-04 17:34:15][org.springframework.web.servlet.mvc.method.annotation.RequestMappingHandlerMapping]Mapped "{[/pet/add],methods=[POST],params=[],headers=[],consumes=[],produces=[],custom=[]}" onto public java.lang.String com.eshop.controller.petController.add(com.eshop.model.shopPet,org.springframework.ui.Model)
[INFO] [2018-12-04 17:34:15][org.springframework.web.servlet.mvc.method.annotation.RequestMappingHandlerMapping]Mapped "{[/pet/add],methods=[GET],params=[],headers=[],consumes=[],produces=[],custom=[]}" onto public java.lang.String com.eshop.controller.petController.add()
[INFO] [2018-12-04 17:34:15][org.springframework.web.servlet.mvc.method.annotation.RequestMappingHandlerMapping]Mapped "{[/pet/list],methods=[GET],params=[],headers=[],consumes=[],produces=[],custom=[]}" onto public java.lang.String com.eshop.controller.petController.pager(org.springframework.ui.Model)
[INFO] [2018-12-04 17:34:15][org.springframework.web.servlet.mvc.method.annotation.RequestMappingHandlerMapping]Mapped "{[/pet/{id}/del],methods=[GET],params=[],headers=[],consumes=[],produces=[],custom=[]}" onto public java.lang.String com.eshop.controller.petController.del(int)
[INFO] [2018-12-04 17:34:15][org.springframework.web.servlet.mvc.method.annotation.RequestMappingHandlerMapping]Mapped "{[/resource/getMenus],methods=[GET],params=[],headers=[],consumes=[],produces=[],custom=[]}" onto public java.util.List<com.eshop.model.sysmenu> com.eshop.controller.resourceController.getMenus()
[INFO] [2018-12-04 17:34:15][org.springframework.web.servlet.handler.SimpleUrlHandlerMapping]Mapped URL path [/Public/**] onto handler 'org.springframework.web.servlet.resource.ResourceHttpRequestHandler#0'
[INFO] [2018-12-04 17:34:16][org.springframework.context.support.GenericApplicationContext]Closing org.springframework.context.support.GenericApplicationContext@5af97850: startup date [Tue Dec 04 17:34:14 CST 2018]; root of context hierarchy
[INFO] [2018-12-04 17:34:16][org.springframework.beans.factory.support.DefaultListableBeanFactory]Destroying singletons in org.springframework.beans.factory.support.DefaultListableBeanFactory@77f80c04: defining beans [org.springframework.context.annotation.internalConfigurationAnnotationProcessor,org.springframework.context.annotation.internalAutowiredAnnotationProcessor,org.springframework.context.annotation.internalRequiredAnnotationProcessor,org.springframework.context.annotation.internalCommonAnnotationProcessor,shopAdminBizImpl,shopMenuBizImpl,shopPetBizImpl,indexController,loginController,petController,resourceController,passwordHelper,org.springframework.web.servlet.mvc.method.annotation.RequestMappingHandlerMapping#0,org.springframework.format.support.FormattingConversionServiceFactoryBean#0,org.springframework.web.servlet.mvc.method.annotation.RequestMappingHandlerAdapter#0,org.springframework.web.servlet.handler.MappedInterceptor#0,org.springframework.web.servlet.mvc.method.annotation.ExceptionHandlerExceptionResolver#0,org.springframework.web.servlet.mvc.annotation.ResponseStatusExceptionResolver#0,org.springframework.web.servlet.mvc.support.DefaultHandlerExceptionResolver#0,org.springframework.web.servlet.handler.BeanNameUrlHandlerMapping,org.springframework.web.servlet.mvc.HttpRequestHandlerAdapter,org.springframework.web.servlet.mvc.SimpleControllerHandlerAdapter,org.springframework.web.servlet.resource.ResourceHttpRequestHandler#0,org.springframework.web.servlet.handler.SimpleUrlHandlerMapping#0,org.springframework.context.support.PropertySourcesPlaceholderConfigurer#0,dataSource,sqlSessionFactory,org.mybatis.spring.mapper.MapperScannerConfigurer#0,org.springframework.web.servlet.view.InternalResourceViewResolver#0,transactionManager,org.springframework.web.servlet.mvc.annotation.AnnotationMethodHandlerAdapter#0,credentialsMatcher,myRealm,securityManager,org.springframework.beans.factory.config.MethodInvokingFactoryBean#0,formAuthenticationFilter,logout,shiroFilter,lifecycleBeanPostProcessor,org.springframework.aop.framework.autoproxy.DefaultAdvisorAutoProxyCreator#0,org.apache.shiro.spring.security.interceptor.AuthorizationAttributeSourceAdvisor#0,org.springframework.context.annotation.ConfigurationClassPostProcessor.importAwareProcessor,ishopAdminMapper,ishopDeptMapper,ishopMenuMapper,ishopPetMapper,ishopPetownerMapper,ishopPetstoreMapper,ishopRoleMapper]; root of factory hierarchy
[INFO] [2018-12-04 17:35:08][org.springframework.test.context.TestContextManager]@TestExecutionListeners is not present for class [class com.eshop.app.test]: using defaults.
[INFO] [2018-12-04 17:35:08][org.springframework.test.context.TestContextManager]@TestExecutionListeners is not present for class [class com.eshop.app.test]: using defaults.
[INFO] [2018-12-04 17:35:08][org.springframework.beans.factory.xml.XmlBeanDefinitionReader]Loading XML bean definitions from class path resource [applicationContext.xml]
[INFO] [2018-12-04 17:35:09][org.springframework.context.annotation.ClassPathBeanDefinitionScanner]JSR-250 'javax.annotation.ManagedBean' found and supported for component scanning
[INFO] [2018-12-04 17:35:09][org.springframework.context.support.GenericApplicationContext]Refreshing org.springframework.context.support.GenericApplicationContext@5af97850: startup date [Tue Dec 04 17:35:09 CST 2018]; root of context hierarchy
[INFO] [2018-12-04 17:35:09][org.springframework.context.support.PropertySourcesPlaceholderConfigurer]Loading properties file from class path resource [connection.properties]
[INFO] [2018-12-04 17:35:09][org.springframework.context.support.GenericApplicationContext]Bean 'org.apache.shiro.spring.security.interceptor.AuthorizationAttributeSourceAdvisor#0' of type [class org.apache.shiro.spring.security.interceptor.AuthorizationAttributeSourceAdvisor] is not eligible for getting processed by all BeanPostProcessors (for example: not eligible for auto-proxying)
[INFO] [2018-12-04 17:35:09][org.springframework.context.support.GenericApplicationContext]Bean 'org.springframework.beans.factory.config.MethodInvokingFactoryBean#0' of type [class org.springframework.beans.factory.config.MethodInvokingFactoryBean] is not eligible for getting processed by all BeanPostProcessors (for example: not eligible for auto-proxying)
[INFO] [2018-12-04 17:35:09][org.springframework.context.support.GenericApplicationContext]Bean 'dataSource' of type [class org.apache.commons.dbcp.BasicDataSource] is not eligible for getting processed by all BeanPostProcessors (for example: not eligible for auto-proxying)
[INFO] [2018-12-04 17:35:10][org.springframework.context.support.GenericApplicationContext]Bean 'sqlSessionFactory' of type [class org.mybatis.spring.SqlSessionFactoryBean] is not eligible for getting processed by all BeanPostProcessors (for example: not eligible for auto-proxying)
[INFO] [2018-12-04 17:35:10][org.springframework.context.support.GenericApplicationContext]Bean 'sqlSessionFactory' of type [class org.apache.ibatis.session.defaults.DefaultSqlSessionFactory] is not eligible for getting processed by all BeanPostProcessors (for example: not eligible for auto-proxying)
[INFO] [2018-12-04 17:35:10][org.springframework.context.support.GenericApplicationContext]Bean 'ishopAdminMapper' of type [class org.mybatis.spring.mapper.MapperFactoryBean] is not eligible for getting processed by all BeanPostProcessors (for example: not eligible for auto-proxying)
[INFO] [2018-12-04 17:35:10][org.springframework.context.support.GenericApplicationContext]Bean 'ishopDeptMapper' of type [class org.mybatis.spring.mapper.MapperFactoryBean] is not eligible for getting processed by all BeanPostProcessors (for example: not eligible for auto-proxying)
[INFO] [2018-12-04 17:35:10][org.springframework.context.support.GenericApplicationContext]Bean 'ishopMenuMapper' of type [class org.mybatis.spring.mapper.MapperFactoryBean] is not eligible for getting processed by all BeanPostProcessors (for example: not eligible for auto-proxying)
[INFO] [2018-12-04 17:35:10][org.springframework.context.support.GenericApplicationContext]Bean 'ishopPetMapper' of type [class org.mybatis.spring.mapper.MapperFactoryBean] is not eligible for getting processed by all BeanPostProcessors (for example: not eligible for auto-proxying)
[INFO] [2018-12-04 17:35:10][org.springframework.context.support.GenericApplicationContext]Bean 'ishopPetownerMapper' of type [class org.mybatis.spring.mapper.MapperFactoryBean] is not eligible for getting processed by all BeanPostProcessors (for example: not eligible for auto-proxying)
[INFO] [2018-12-04 17:35:10][org.springframework.context.support.GenericApplicationContext]Bean 'ishopPetstoreMapper' of type [class org.mybatis.spring.mapper.MapperFactoryBean] is not eligible for getting processed by all BeanPostProcessors (for example: not eligible for auto-proxying)
[INFO] [2018-12-04 17:35:10][org.springframework.context.support.GenericApplicationContext]Bean 'ishopRoleMapper' of type [class org.mybatis.spring.mapper.MapperFactoryBean] is not eligible for getting processed by all BeanPostProcessors (for example: not eligible for auto-proxying)
[INFO] [2018-12-04 17:35:10][org.springframework.context.support.GenericApplicationContext]Bean 'ishopAdminMapper' of type [class com.sun.proxy.$Proxy17] is not eligible for getting processed by all BeanPostProcessors (for example: not eligible for auto-proxying)
[INFO] [2018-12-04 17:35:10][org.springframework.context.support.GenericApplicationContext]Bean 'shopAdminBizImpl' of type [class com.eshop.biz.impl.shopAdminBizImpl] is not eligible for getting processed by all BeanPostProcessors (for example: not eligible for auto-proxying)
[INFO] [2018-12-04 17:35:10][org.springframework.context.support.GenericApplicationContext]Bean 'credentialsMatcher' of type [class org.apache.shiro.authc.credential.HashedCredentialsMatcher] is not eligible for getting processed by all BeanPostProcessors (for example: not eligible for auto-proxying)
[INFO] [2018-12-04 17:35:10][org.springframework.context.support.GenericApplicationContext]Bean 'myRealm' of type [class com.eshop.util.MyRealm] is not eligible for getting processed by all BeanPostProcessors (for example: not eligible for auto-proxying)
[INFO] [2018-12-04 17:35:10][org.springframework.context.support.GenericApplicationContext]Bean 'securityManager' of type [class org.apache.shiro.web.mgt.DefaultWebSecurityManager] is not eligible for getting processed by all BeanPostProcessors (for example: not eligible for auto-proxying)
[INFO] [2018-12-04 17:35:10][org.springframework.beans.factory.support.DefaultListableBeanFactory]Pre-instantiating singletons in org.springframework.beans.factory.support.DefaultListableBeanFactory@77f80c04: defining beans [org.springframework.context.annotation.internalConfigurationAnnotationProcessor,org.springframework.context.annotation.internalAutowiredAnnotationProcessor,org.springframework.context.annotation.internalRequiredAnnotationProcessor,org.springframework.context.annotation.internalCommonAnnotationProcessor,shopAdminBizImpl,shopMenuBizImpl,shopPetBizImpl,indexController,loginController,petController,resourceController,passwordHelper,org.springframework.web.servlet.mvc.method.annotation.RequestMappingHandlerMapping#0,org.springframework.format.support.FormattingConversionServiceFactoryBean#0,org.springframework.web.servlet.mvc.method.annotation.RequestMappingHandlerAdapter#0,org.springframework.web.servlet.handler.MappedInterceptor#0,org.springframework.web.servlet.mvc.method.annotation.ExceptionHandlerExceptionResolver#0,org.springframework.web.servlet.mvc.annotation.ResponseStatusExceptionResolver#0,org.springframework.web.servlet.mvc.support.DefaultHandlerExceptionResolver#0,org.springframework.web.servlet.handler.BeanNameUrlHandlerMapping,org.springframework.web.servlet.mvc.HttpRequestHandlerAdapter,org.springframework.web.servlet.mvc.SimpleControllerHandlerAdapter,org.springframework.web.servlet.resource.ResourceHttpRequestHandler#0,org.springframework.web.servlet.handler.SimpleUrlHandlerMapping#0,org.springframework.context.support.PropertySourcesPlaceholderConfigurer#0,dataSource,sqlSessionFactory,org.mybatis.spring.mapper.MapperScannerConfigurer#0,org.springframework.web.servlet.view.InternalResourceViewResolver#0,transactionManager,org.springframework.web.servlet.mvc.annotation.AnnotationMethodHandlerAdapter#0,credentialsMatcher,myRealm,securityManager,org.springframework.beans.factory.config.MethodInvokingFactoryBean#0,formAuthenticationFilter,logout,shiroFilter,lifecycleBeanPostProcessor,org.springframework.aop.framework.autoproxy.DefaultAdvisorAutoProxyCreator#0,org.apache.shiro.spring.security.interceptor.AuthorizationAttributeSourceAdvisor#0,org.springframework.context.annotation.ConfigurationClassPostProcessor.importAwareProcessor,ishopAdminMapper,ishopDeptMapper,ishopMenuMapper,ishopPetMapper,ishopPetownerMapper,ishopPetstoreMapper,ishopRoleMapper]; root of factory hierarchy
[INFO] [2018-12-04 17:35:10][org.springframework.web.servlet.mvc.method.annotation.RequestMappingHandlerMapping]Mapped "{[/index],methods=[GET],params=[],headers=[],consumes=[],produces=[],custom=[]}" onto public java.lang.String com.eshop.controller.indexController.index()
[INFO] [2018-12-04 17:35:10][org.springframework.web.servlet.mvc.method.annotation.RequestMappingHandlerMapping]Mapped "{[/login],methods=[],params=[],headers=[],consumes=[],produces=[],custom=[]}" onto public java.lang.String com.eshop.controller.loginController.login()
[INFO] [2018-12-04 17:35:10][org.springframework.web.servlet.mvc.method.annotation.RequestMappingHandlerMapping]Mapped "{[/pet/add],methods=[POST],params=[],headers=[],consumes=[],produces=[],custom=[]}" onto public java.lang.String com.eshop.controller.petController.add(com.eshop.model.shopPet,org.springframework.ui.Model)
[INFO] [2018-12-04 17:35:10][org.springframework.web.servlet.mvc.method.annotation.RequestMappingHandlerMapping]Mapped "{[/pet/add],methods=[GET],params=[],headers=[],consumes=[],produces=[],custom=[]}" onto public java.lang.String com.eshop.controller.petController.add()
[INFO] [2018-12-04 17:35:10][org.springframework.web.servlet.mvc.method.annotation.RequestMappingHandlerMapping]Mapped "{[/pet/{id}/del],methods=[GET],params=[],headers=[],consumes=[],produces=[],custom=[]}" onto public java.lang.String com.eshop.controller.petController.del(int)
[INFO] [2018-12-04 17:35:10][org.springframework.web.servlet.mvc.method.annotation.RequestMappingHandlerMapping]Mapped "{[/pet/list],methods=[GET],params=[],headers=[],consumes=[],produces=[],custom=[]}" onto public java.lang.String com.eshop.controller.petController.pager(org.springframework.ui.Model)
[INFO] [2018-12-04 17:35:10][org.springframework.web.servlet.mvc.method.annotation.RequestMappingHandlerMapping]Mapped "{[/resource/getMenus],methods=[GET],params=[],headers=[],consumes=[],produces=[],custom=[]}" onto public java.util.List<com.eshop.model.sysmenu> com.eshop.controller.resourceController.getMenus()
[INFO] [2018-12-04 17:35:10][org.springframework.web.servlet.handler.SimpleUrlHandlerMapping]Mapped URL path [/Public/**] onto handler 'org.springframework.web.servlet.resource.ResourceHttpRequestHandler#0'
[INFO] [2018-12-04 17:35:11][org.springframework.context.support.GenericApplicationContext]Closing org.springframework.context.support.GenericApplicationContext@5af97850: startup date [Tue Dec 04 17:35:09 CST 2018]; root of context hierarchy
[INFO] [2018-12-04 17:35:11][org.springframework.beans.factory.support.DefaultListableBeanFactory]Destroying singletons in org.springframework.beans.factory.support.DefaultListableBeanFactory@77f80c04: defining beans [org.springframework.context.annotation.internalConfigurationAnnotationProcessor,org.springframework.context.annotation.internalAutowiredAnnotationProcessor,org.springframework.context.annotation.internalRequiredAnnotationProcessor,org.springframework.context.annotation.internalCommonAnnotationProcessor,shopAdminBizImpl,shopMenuBizImpl,shopPetBizImpl,indexController,loginController,petController,resourceController,passwordHelper,org.springframework.web.servlet.mvc.method.annotation.RequestMappingHandlerMapping#0,org.springframework.format.support.FormattingConversionServiceFactoryBean#0,org.springframework.web.servlet.mvc.method.annotation.RequestMappingHandlerAdapter#0,org.springframework.web.servlet.handler.MappedInterceptor#0,org.springframework.web.servlet.mvc.method.annotation.ExceptionHandlerExceptionResolver#0,org.springframework.web.servlet.mvc.annotation.ResponseStatusExceptionResolver#0,org.springframework.web.servlet.mvc.support.DefaultHandlerExceptionResolver#0,org.springframework.web.servlet.handler.BeanNameUrlHandlerMapping,org.springframework.web.servlet.mvc.HttpRequestHandlerAdapter,org.springframework.web.servlet.mvc.SimpleControllerHandlerAdapter,org.springframework.web.servlet.resource.ResourceHttpRequestHandler#0,org.springframework.web.servlet.handler.SimpleUrlHandlerMapping#0,org.springframework.context.support.PropertySourcesPlaceholderConfigurer#0,dataSource,sqlSessionFactory,org.mybatis.spring.mapper.MapperScannerConfigurer#0,org.springframework.web.servlet.view.InternalResourceViewResolver#0,transactionManager,org.springframework.web.servlet.mvc.annotation.AnnotationMethodHandlerAdapter#0,credentialsMatcher,myRealm,securityManager,org.springframework.beans.factory.config.MethodInvokingFactoryBean#0,formAuthenticationFilter,logout,shiroFilter,lifecycleBeanPostProcessor,org.springframework.aop.framework.autoproxy.DefaultAdvisorAutoProxyCreator#0,org.apache.shiro.spring.security.interceptor.AuthorizationAttributeSourceAdvisor#0,org.springframework.context.annotation.ConfigurationClassPostProcessor.importAwareProcessor,ishopAdminMapper,ishopDeptMapper,ishopMenuMapper,ishopPetMapper,ishopPetownerMapper,ishopPetstoreMapper,ishopRoleMapper]; root of factory hierarchy
